Determining if the pthread_create exist failed with the following output:
Change Dir: /media/yanshi/EE10BE3610BE059D/Linux/rzshao/MeshRenderDataMaker/cmake-build-debug/CMakeFiles/CMakeTmp

Run Build Command(s):/usr/bin/make cmTC_cedac/fast 
/usr/bin/make -f CMakeFiles/cmTC_cedac.dir/build.make CMakeFiles/cmTC_cedac.dir/build
make[1]: Entering directory '/media/yanshi/EE10BE3610BE059D/Linux/rzshao/MeshRenderDataMaker/cmake-build-debug/CMakeFiles/CMakeTmp'
Building C object CMakeFiles/cmTC_cedac.dir/CheckSymbolExists.c.o
/usr/bin/cc    -o CMakeFiles/cmTC_cedac.dir/CheckSymbolExists.c.o   -c /media/yanshi/EE10BE3610BE059D/Linux/rzshao/MeshRenderDataMaker/cmake-build-debug/CMakeFiles/CMakeTmp/CheckSymbolExists.c
Linking C executable cmTC_cedac
/home/yanshi/Downloads/clion-2019.1.4/bin/cmake/linux/bin/cmake -E cmake_link_script CMakeFiles/cmTC_cedac.dir/link.txt --verbose=1
/usr/bin/cc      -rdynamic CMakeFiles/cmTC_cedac.dir/CheckSymbolExists.c.o  -o cmTC_cedac 
CMakeFiles/cmTC_cedac.dir/CheckSymbolExists.c.o: In function `main':
CheckSymbolExists.c:(.text+0x16): undefined reference to `pthread_create'
collect2: error: ld returned 1 exit status
CMakeFiles/cmTC_cedac.dir/build.make:86: recipe for target 'cmTC_cedac' failed
make[1]: *** [cmTC_cedac] Error 1
make[1]: Leaving directory '/media/yanshi/EE10BE3610BE059D/Linux/rzshao/MeshRenderDataMaker/cmake-build-debug/CMakeFiles/CMakeTmp'
Makefile:121: recipe for target 'cmTC_cedac/fast' failed
make: *** [cmTC_cedac/fast] Error 2

File /media/yanshi/EE10BE3610BE059D/Linux/rzshao/MeshRenderDataMaker/cmake-build-debug/CMakeFiles/CMakeTmp/CheckSymbolExists.c:
/* */
#include <pthread.h>

int main(int argc, char** argv)
{
  (void)argv;
#ifndef pthread_create
  return ((int*)(&pthread_create))[argc];
#else
  (void)argc;
  return 0;
#endif
}

Determining if the function pthread_create exists in the pthreads failed with the following output:
Change Dir: /media/yanshi/EE10BE3610BE059D/Linux/rzshao/MeshRenderDataMaker/cmake-build-debug/CMakeFiles/CMakeTmp

Run Build Command(s):/usr/bin/make cmTC_415ef/fast 
/usr/bin/make -f CMakeFiles/cmTC_415ef.dir/build.make CMakeFiles/cmTC_415ef.dir/build
make[1]: Entering directory '/media/yanshi/EE10BE3610BE059D/Linux/rzshao/MeshRenderDataMaker/cmake-build-debug/CMakeFiles/CMakeTmp'
Building C object CMakeFiles/cmTC_415ef.dir/CheckFunctionExists.c.o
/usr/bin/cc   -DCHECK_FUNCTION_EXISTS=pthread_create   -o CMakeFiles/cmTC_415ef.dir/CheckFunctionExists.c.o   -c /home/yanshi/Downloads/clion-2019.1.4/bin/cmake/linux/share/cmake-3.14/Modules/CheckFunctionExists.c
Linking C executable cmTC_415ef
/home/yanshi/Downloads/clion-2019.1.4/bin/cmake/linux/bin/cmake -E cmake_link_script CMakeFiles/cmTC_415ef.dir/link.txt --verbose=1
/usr/bin/cc  -DCHECK_FUNCTION_EXISTS=pthread_create    -rdynamic CMakeFiles/cmTC_415ef.dir/CheckFunctionExists.c.o  -o cmTC_415ef -lpthreads 
/usr/bin/ld: cannot find -lpthreads
collect2: error: ld returned 1 exit status
CMakeFiles/cmTC_415ef.dir/build.make:86: recipe for target 'cmTC_415ef' failed
make[1]: *** [cmTC_415ef] Error 1
make[1]: Leaving directory '/media/yanshi/EE10BE3610BE059D/Linux/rzshao/MeshRenderDataMaker/cmake-build-debug/CMakeFiles/CMakeTmp'
Makefile:121: recipe for target 'cmTC_415ef/fast' failed
make: *** [cmTC_415ef/fast] Error 2


